d:\c-cpp_practice\이것이cpp이다\this is cpp\thisiscpp\tcpp\thiscpp\x64\debug\thiscpp.pch
d:\c-cpp_practice\이것이cpp이다\this is cpp\thisiscpp\tcpp\thiscpp\x64\debug\vc143.pdb
d:\c-cpp_practice\이것이cpp이다\this is cpp\thisiscpp\tcpp\thiscpp\x64\debug\vc143.idb
d:\c-cpp_practice\이것이cpp이다\this is cpp\thisiscpp\tcpp\thiscpp\x64\debug\pch.obj
d:\c-cpp_practice\이것이cpp이다\this is cpp\thisiscpp\tcpp\thiscpp\x64\debug\defaultparameter03_2_1.obj
d:\c-cpp_practice\이것이cpp이다\this is cpp\thisiscpp\tcpp\x64\debug\thiscpp.exe
d:\c-cpp_practice\이것이cpp이다\this is cpp\thisiscpp\tcpp\thiscpp\x64\debug\thiscpp.ilk
d:\c-cpp_practice\이것이cpp이다\this is cpp\thisiscpp\tcpp\x64\debug\thiscpp.pdb
d:\c-cpp_practice\이것이cpp이다\this is cpp\thisiscpp\tcpp\thiscpp\x64\debug\autosample1_4_2.obj
d:\c-cpp_practice\이것이cpp이다\this is cpp\thisiscpp\tcpp\thiscpp\x64\debug\defaultparameter02_2_1.obj
d:\c-cpp_practice\이것이cpp이다\this is cpp\thisiscpp\tcpp\thiscpp\x64\debug\defaultparameter2_1.obj
d:\c-cpp_practice\이것이cpp이다\this is cpp\thisiscpp\tcpp\thiscpp\x64\debug\dynamicallocate1_5.obj
d:\c-cpp_practice\이것이cpp이다\this is cpp\thisiscpp\tcpp\thiscpp\x64\debug\practice01.obj
d:\c-cpp_practice\이것이cpp이다\this is cpp\thisiscpp\tcpp\thiscpp\x64\debug\practice02.obj
d:\c-cpp_practice\이것이cpp이다\this is cpp\thisiscpp\tcpp\thiscpp\x64\debug\practice03.obj
d:\c-cpp_practice\이것이cpp이다\this is cpp\thisiscpp\tcpp\thiscpp\x64\debug\practice04.obj
d:\c-cpp_practice\이것이cpp이다\this is cpp\thisiscpp\tcpp\thiscpp\x64\debug\practice06.obj
d:\c-cpp_practice\이것이cpp이다\this is cpp\thisiscpp\tcpp\thiscpp\x64\debug\rangebasedfor1_7.obj
d:\c-cpp_practice\이것이cpp이다\this is cpp\thisiscpp\tcpp\thiscpp\x64\debug\reference1_6.obj
d:\c-cpp_practice\이것이cpp이다\this is cpp\thisiscpp\tcpp\thiscpp\x64\debug\reference1_6_1.obj
d:\c-cpp_practice\이것이cpp이다\this is cpp\thisiscpp\tcpp\thiscpp\x64\debug\reference_rvalue1_6_2.obj
d:\c-cpp_practice\이것이cpp이다\this is cpp\thisiscpp\tcpp\thiscpp\x64\debug\thiscpp.tlog\cl.command.1.tlog
d:\c-cpp_practice\이것이cpp이다\this is cpp\thisiscpp\tcpp\thiscpp\x64\debug\thiscpp.tlog\cl.items.tlog
d:\c-cpp_practice\이것이cpp이다\this is cpp\thisiscpp\tcpp\thiscpp\x64\debug\thiscpp.tlog\cl.read.1.tlog
d:\c-cpp_practice\이것이cpp이다\this is cpp\thisiscpp\tcpp\thiscpp\x64\debug\thiscpp.tlog\cl.write.1.tlog
d:\c-cpp_practice\이것이cpp이다\this is cpp\thisiscpp\tcpp\thiscpp\x64\debug\thiscpp.tlog\link.command.1.tlog
d:\c-cpp_practice\이것이cpp이다\this is cpp\thisiscpp\tcpp\thiscpp\x64\debug\thiscpp.tlog\link.read.1.tlog
d:\c-cpp_practice\이것이cpp이다\this is cpp\thisiscpp\tcpp\thiscpp\x64\debug\thiscpp.tlog\link.write.1.tlog
